[[-1.1844124  -0.85008544  4.0364156   1.873465   -3.5580037  -0.88586026
   1.0747275   0.7103679  -0.612554   -2.7910783   3.5514188 ]]
(1, 11)
batch size: 2
test data set: test
Accuracy of the network on the 3347 test images: 92.41%, and loss is: 0.118
Accuracy of Bread : 88 %
Accuracy of DairyProduct : 81 %
Accuracy of Dessert : 97 %
Accuracy of   Egg : 88 %
Accuracy of Friedfood : 92 %
Accuracy of  Meat : 91 %
Accuracy of Noodles-Pasta : 92 %
Accuracy of  Rice : 98 %
Accuracy of Seafood : 98 %
Accuracy of  Soup : 91 %
Accuracy of Vegetable-Fruit : 97 %
41.167285680770874 seconds
batch size: 4
test data set: test
Accuracy of the network on the 3347 test images: 92.41%, and loss is: 0.059
Accuracy of Bread : 88 %
Accuracy of DairyProduct : 81 %
Accuracy of Dessert : 97 %
Accuracy of   Egg : 88 %
Accuracy of Friedfood : 92 %
Accuracy of  Meat : 91 %
Accuracy of Noodles-Pasta : 92 %
Accuracy of  Rice : 98 %
Accuracy of Seafood : 98 %
Accuracy of  Soup : 91 %
Accuracy of Vegetable-Fruit : 97 %
40.00484609603882 seconds
batch size: 8
test data set: test
Accuracy of the network on the 3347 test images: 92.41%, and loss is: 0.029
Accuracy of Bread : 88 %
Accuracy of DairyProduct : 81 %
Accuracy of Dessert : 97 %
Accuracy of   Egg : 88 %
Accuracy of Friedfood : 92 %
Accuracy of  Meat : 91 %
Accuracy of Noodles-Pasta : 92 %
Accuracy of  Rice : 98 %
Accuracy of Seafood : 98 %
Accuracy of  Soup : 91 %
Accuracy of Vegetable-Fruit : 97 %
39.39407253265381 seconds
batch size: 16
test data set: test
Accuracy of the network on the 3347 test images: 92.41%, and loss is: 0.015
Accuracy of Bread : 88 %
Accuracy of DairyProduct : 81 %
Accuracy of Dessert : 97 %
Accuracy of   Egg : 88 %
Accuracy of Friedfood : 92 %
Accuracy of  Meat : 91 %
Accuracy of Noodles-Pasta : 92 %
Accuracy of  Rice : 98 %
Accuracy of Seafood : 98 %
Accuracy of  Soup : 91 %
Accuracy of Vegetable-Fruit : 97 %
38.81458282470703 seconds
batch size: 32
test data set: test
Accuracy of the network on the 3347 test images: 92.41%, and loss is: 0.007
Accuracy of Bread : 88 %
Accuracy of DairyProduct : 81 %
Accuracy of Dessert : 97 %
Accuracy of   Egg : 88 %
Accuracy of Friedfood : 92 %
Accuracy of  Meat : 91 %
Accuracy of Noodles-Pasta : 92 %
Accuracy of  Rice : 98 %
Accuracy of Seafood : 98 %
Accuracy of  Soup : 91 %
Accuracy of Vegetable-Fruit : 97 %
38.63005042076111 seconds
batch size: 64
test data set: test
Accuracy of the network on the 3347 test images: 92.41%, and loss is: 0.004
Accuracy of Bread : 88 %
Accuracy of DairyProduct : 81 %
Accuracy of Dessert : 97 %
Accuracy of   Egg : 88 %
Accuracy of Friedfood : 92 %
Accuracy of  Meat : 91 %
Accuracy of Noodles-Pasta : 92 %
Accuracy of  Rice : 98 %
Accuracy of Seafood : 98 %
Accuracy of  Soup : 91 %
Accuracy of Vegetable-Fruit : 97 %
39.93529796600342 seconds
batch size: 128
test data set: test
Accuracy of the network on the 3347 test images: 92.41%, and loss is: 0.002
Accuracy of Bread : 88 %
Accuracy of DairyProduct : 81 %
Accuracy of Dessert : 97 %
Accuracy of   Egg : 88 %
Accuracy of Friedfood : 92 %
Accuracy of  Meat : 91 %
Accuracy of Noodles-Pasta : 92 %
Accuracy of  Rice : 98 %
Accuracy of Seafood : 98 %
Accuracy of  Soup : 91 %
Accuracy of Vegetable-Fruit : 97 %
39.412203550338745 seconds
batch size: 256
test data set: test
Accuracy of the network on the 3347 test images: 92.41%, and loss is: 0.001
Accuracy of Bread : 88 %
Accuracy of DairyProduct : 81 %
Accuracy of Dessert : 97 %
Accuracy of   Egg : 88 %
Accuracy of Friedfood : 92 %
Accuracy of  Meat : 91 %
Accuracy of Noodles-Pasta : 92 %
Accuracy of  Rice : 98 %
Accuracy of Seafood : 98 %
Accuracy of  Soup : 91 %
Accuracy of Vegetable-Fruit : 97 %
39.36286377906799 seconds
